Errors.obj : error LNK2001: unresolved external symbol _SDL_Quit
GLSLProgram.obj : error LNK2001: unresolved external symbol __imp____glewEnableVertexAttribArray
GLSLProgram.obj : error LNK2001: unresolved external symbol __imp____glewUseProgram
GLSLProgram.obj : error LNK2001: unresolved external symbol __imp____glewGetShaderiv
GLSLProgram.obj : error LNK2001: unresolved external symbol __imp____glewCompileShader
GLSLProgram.obj : error LNK2001: unresolved external symbol __imp____glewCreateShader
GLSLProgram.obj : error LNK2001: unresolved external symbol __imp____glewBindAttribLocation
GLSLProgram.obj : error LNK2001: unresolved external symbol __imp____glewCreateProgram
GLSLProgram.obj : error LNK2001: unresolved external symbol __imp____glewGetShaderInfoLog
GLSLProgram.obj : error LNK2001: unresolved external symbol __imp____glewGetProgramiv
GLSLProgram.obj : error LNK2001: unresolved external symbol __imp____glewGetUniformLocation
GLSLProgram.obj : error LNK2001: unresolved external symbol __imp____glewAttachShader
GLSLProgram.obj : error LNK2001: unresolved external symbol __imp____glewDeleteProgram
GLSLProgram.obj : error LNK2001: unresolved external symbol __imp____glewShaderSource
GLSLProgram.obj : error LNK2001: unresolved external symbol __imp____glewDisableVertexAttribArray
GLSLProgram.obj : error LNK2001: unresolved external symbol __imp____glewDetachShader
GLSLProgram.obj : error LNK2001: unresolved external symbol __imp____glewGetProgramInfoLog
GLSLProgram.obj : error LNK2001: unresolved external symbol __imp____glewDeleteShader
GLSLProgram.obj : error LNK2001: unresolved external symbol __imp____glewLinkProgram
MainGame.obj : error LNK2001: unresolved external symbol _SDL_GL_SwapWindow
MainGame.obj : error LNK2001: unresolved external symbol __imp__glClear@4
MainGame.obj : error LNK2001: unresolved external symbol _SDL_Init
MainGame.obj : error LNK2001: unresolved external symbol __imp____glewUniform1f
MainGame.obj : error LNK2001: unresolved external symbol _SDL_GL_SetAttribute
MainGame.obj : error LNK2001: unresolved external symbol _SDL_GL_CreateContext
MainGame.obj : error LNK2001: unresolved external symbol _SDL_PollEvent
MainGame.obj : error LNK2001: unresolved external symbol __imp__glClearColor@16
MainGame.obj : error LNK2001: unresolved external symbol _SDL_StartTextInput
MainGame.obj : error LNK2001: unresolved external symbol _SDL_CreateWindow
MainGame.obj : error LNK2001: unresolved external symbol __imp__glClearDepth@8
MainGame.obj : error LNK2001: unresolved external symbol __imp__glewInit@0
Sprite.obj : error LNK2001: unresolved external symbol __imp____glewVertexAttribPointer
Sprite.obj : error LNK2001: unresolved external symbol __imp____glewBindBuffer
Sprite.obj : error LNK2001: unresolved external symbol __imp____glewBufferData
Sprite.obj : error LNK2001: unresolved external symbol __imp__glDrawArrays@12
Sprite.obj : error LNK2001: unresolved external symbol __imp____glewGenBuffers
Sprite.obj : error LNK2001: unresolved external symbol __imp____glewDeleteBuffers
MSVCRT.lib(exe_main.obj) : error LNK2001: unresolved external symbol _main
C:\Users\John C\APCS\20PercentProject\Trivia\Release\Trivia.exe : fatal error LNK1120: 38 unresolved externals
