c:\users\john c\apcs\20percentproject\trivia\trivia\debug\vc140.pdb
c:\users\john c\apcs\20percentproject\trivia\trivia\debug\vc140.idb
c:\users\john c\apcs\20percentproject\trivia\trivia\debug\errors.obj
c:\users\john c\apcs\20percentproject\trivia\trivia\debug\glslprogram.obj
c:\users\john c\apcs\20percentproject\trivia\trivia\debug\main.obj
c:\users\john c\apcs\20percentproject\trivia\trivia\debug\maingame.obj
c:\users\john c\apcs\20percentproject\trivia\trivia\debug\sprite.obj
c:\users\john c\apcs\20percentproject\trivia\trivia\debug\iomanager.obj
c:\users\john c\apcs\20percentproject\trivia nt\trivia\debug\vc140.pdb
c:\users\john c\apcs\20percentproject\trivia nt\trivia\debug\vc140.idb
c:\users\john c\apcs\20percentproject\trivia nt\trivia\debug\errors.obj
c:\users\john c\apcs\20percentproject\trivia nt\trivia\debug\main.obj
c:\users\john c\apcs\20percentproject\trivia\debug\trivia.ilk
c:\users\john c\apcs\20percentproject\trivia\debug\trivia.exe
c:\users\john c\apcs\20percentproject\trivia\debug\trivia.pdb
c:\users\john c\apcs\20percentproject\trivia nt\debug\trivia.ilk
c:\users\john c\apcs\20percentproject\trivia nt\debug\trivia.exe
c:\users\john c\apcs\20percentproject\trivia nt\debug\trivia.pdb
c:\users\john c\apcs\20percentproject\trivia nt\trivia\debug\glslprogram.obj
c:\users\john c\apcs\20percentproject\trivia nt\trivia\debug\iomanager.obj
c:\users\john c\apcs\20percentproject\trivia nt\trivia\debug\maingame.obj
c:\users\john c\apcs\20percentproject\trivia nt\trivia\debug\sprite.obj
c:\users\john c\apcs\20percentproject\trivia nt\trivia\debug\trivia.tlog\cl.command.1.tlog
c:\users\john c\apcs\20percentproject\trivia nt\trivia\debug\trivia.tlog\cl.read.1.tlog
c:\users\john c\apcs\20percentproject\trivia nt\trivia\debug\trivia.tlog\cl.write.1.tlog
c:\users\john c\apcs\20percentproject\trivia nt\trivia\debug\trivia.tlog\link.command.1.tlog
c:\users\john c\apcs\20percentproject\trivia nt\trivia\debug\trivia.tlog\link.read.1.tlog
c:\users\john c\apcs\20percentproject\trivia nt\trivia\debug\trivia.tlog\link.write.1.tlog
